<?xml version="1.0" encoding="UTF-8"?>
<!-- Generated by org.testng.reporters.JUnitReportReporter -->
<testsuite hostname="F-1038" failures="0" tests="1" name="SBPJourney.AuthorLoginTest" time="5.170" errors="0" timestamp="2022-11-24T17:15:52 IST" skipped="0">
  <testcase classname="SBPJourney.AuthorLoginTest" name="emailLoginTest" time="5.170"/>
  <system-out/>
</testsuite> <!-- SBPJourney.AuthorLoginTest -->
